<?xml version="1.0" encoding="UTF-8"?>
<!-- Generated by org.testng.reporters.JUnitReportReporter -->
<testsuite hostname="Ramya" failures="0" tests="1" name="Testcases.Tc_register" time="4.092" errors="0" timestamp="2024-05-29T21:15:18 IST" skipped="0">
  <testcase classname="Testcases.Tc_register" name="Register" time="4.092"/>
</testsuite> <!-- Testcases.Tc_register -->
